<?xml version="1.0" encoding="UTF-8"?>
<!-- Generated by org.testng.reporters.JUnitReportReporter -->
<testsuite hostname="DESKTOP-OUM03J5" failures="0" tests="2" name="pom.LoginTest" time="4.138" errors="0" timestamp="2022-08-10T18:23:47 IST" skipped="0">
  <testcase classname="pom.LoginTest" name="validateLogin" time="0.919"/>
  <system-out/>
  <testcase classname="pom.LoginTest" name="validateTitle" time="3.219"/>
  <system-out/>
</testsuite> <!-- pom.LoginTest -->
